<?xml version="1.0" encoding="UTF-8"?>
<!-- Generated by org.testng.reporters.JUnitReportReporter -->
<testsuite hostname="NARAHARI-WOODI-DELL" failures="0" tests="1" name="com.comcast.orgtest.CreateOrganizationTest" time="19.374" errors="0" timestamp="2025-03-05T17:23:31 IST" skipped="0">
  <testcase classname="com.comcast.orgtest.CreateOrganizationTest" name="createOrganizationTest" time="19.374"/>
  <system-out/>
</testsuite> <!-- com.comcast.orgtest.CreateOrganizationTest -->
