<?xml version="1.0" encoding="UTF-8"?>
<!-- Generated by org.testng.reporters.JUnitReportReporter -->
<testsuite hostname="NARAHARI-WOODI-DELL" failures="0" tests="1" name="practice.hometest.PrintAutoSuggestions" time="4.209" errors="0" timestamp="2025-03-07T17:19:34 IST" skipped="0">
  <testcase classname="practice.hometest.PrintAutoSuggestions" name="printAutoSuggestions" time="4.209"/>
  <system-out/>
</testsuite> <!-- practice.hometest.PrintAutoSuggestions -->
